04-Apr-2018 06:11:06.811 INFO [main] org.apache.catalina.startup.VersionLoggerListener.log Server version:        Apache Tomcat/8.0.50
04-Apr-2018 06:11:06.825 INFO [main] org.apache.catalina.startup.VersionLoggerListener.log Server built:          Feb 7 2018 20:06:05 UTC
04-Apr-2018 06:11:06.826 INFO [main] org.apache.catalina.startup.VersionLoggerListener.log Server number:         8.0.50.0
04-Apr-2018 06:11:06.826 INFO [main] org.apache.catalina.startup.VersionLoggerListener.log OS Name:               Linux
04-Apr-2018 06:11:06.826 INFO [main] org.apache.catalina.startup.VersionLoggerListener.log OS Version:            4.13.0-38-generic
04-Apr-2018 06:11:06.827 INFO [main] org.apache.catalina.startup.VersionLoggerListener.log Architecture:          amd64
04-Apr-2018 06:11:06.827 INFO [main] org.apache.catalina.startup.VersionLoggerListener.log Java Home:             /usr/lib/jvm/java-8-openjdk-amd64/jre
04-Apr-2018 06:11:06.827 INFO [main] org.apache.catalina.startup.VersionLoggerListener.log JVM Version:           1.8.0_111-8u111-b14-2~bpo8+1-b14
04-Apr-2018 06:11:06.827 INFO [main] org.apache.catalina.startup.VersionLoggerListener.log JVM Vendor:            Oracle Corporation
04-Apr-2018 06:11:06.828 INFO [main] org.apache.catalina.startup.VersionLoggerListener.log CATALINA_BASE:         /usr/local/apache-tomcat-8.0.50
04-Apr-2018 06:11:06.828 INFO [main] org.apache.catalina.startup.VersionLoggerListener.log CATALINA_HOME:         /usr/local/apache-tomcat-8.0.50
04-Apr-2018 06:11:06.829 INFO [main] org.apache.catalina.startup.VersionLoggerListener.log Command line argument: -Djava.util.logging.config.file=/usr/local/tomcat/conf/logging.properties
04-Apr-2018 06:11:06.829 INFO [main] org.apache.catalina.startup.VersionLoggerListener.log Command line argument: -Djava.util.logging.manager=org.apache.juli.ClassLoaderLogManager
04-Apr-2018 06:11:06.829 INFO [main] org.apache.catalina.startup.VersionLoggerListener.log Command line argument: -Djdk.tls.ephemeralDHKeySize=2048
04-Apr-2018 06:11:06.830 INFO [main] org.apache.catalina.startup.VersionLoggerListener.log Command line argument: -Djava.protocol.handler.pkgs=org.apache.catalina.webresources
04-Apr-2018 06:11:06.830 INFO [main] org.apache.catalina.startup.VersionLoggerListener.log Command line argument: -Dignore.endorsed.dirs=
04-Apr-2018 06:11:06.830 INFO [main] org.apache.catalina.startup.VersionLoggerListener.log Command line argument: -Dcatalina.base=/usr/local/tomcat
04-Apr-2018 06:11:06.830 INFO [main] org.apache.catalina.startup.VersionLoggerListener.log Command line argument: -Dcatalina.home=/usr/local/tomcat
04-Apr-2018 06:11:06.831 INFO [main] org.apache.catalina.startup.VersionLoggerListener.log Command line argument: -Djava.io.tmpdir=/usr/local/tomcat/temp
04-Apr-2018 06:11:06.831 INFO [main] org.apache.catalina.core.AprLifecycleListener.lifecycleEvent The APR based Apache Tomcat Native library which allows optimal performance in production environments was not found on the java.library.path: /usr/java/packages/lib/amd64:/usr/lib/x86_64-linux-gnu/jni:/lib/x86_64-linux-gnu:/usr/lib/x86_64-linux-gnu:/usr/lib/jni:/lib:/usr/lib
04-Apr-2018 06:11:07.346 INFO [main] org.apache.coyote.AbstractProtocol.init Initializing ProtocolHandler ["http-nio-8080"]
04-Apr-2018 06:11:07.569 INFO [main] org.apache.tomcat.util.net.NioSelectorPool.getSharedSelector Using a shared selector for servlet write/read
04-Apr-2018 06:11:07.573 INFO [main] org.apache.coyote.AbstractProtocol.init Initializing ProtocolHandler ["ajp-nio-8009"]
04-Apr-2018 06:11:07.577 INFO [main] org.apache.tomcat.util.net.NioSelectorPool.getSharedSelector Using a shared selector for servlet write/read
04-Apr-2018 06:11:07.577 INFO [main] org.apache.catalina.startup.Catalina.load Initialization processed in 2883 ms
04-Apr-2018 06:11:07.836 INFO [main] org.apache.catalina.core.StandardService.startInternal Starting service Catalina
04-Apr-2018 06:11:07.837 INFO [main] org.apache.catalina.core.StandardEngine.startInternal Starting Servlet Engine: Apache Tomcat/8.0.50
04-Apr-2018 06:11:07.903 INFO [localhost-startStop-1] org.apache.catalina.startup.HostConfig.deployDirectory Deploying web application directory /usr/local/apache-tomcat-8.0.50/webapps/docs
04-Apr-2018 06:11:09.350 INFO [localhost-startStop-1] org.apache.catalina.startup.HostConfig.deployDirectory Deployment of web application directory /usr/local/apache-tomcat-8.0.50/webapps/docs has finished in 1,417 ms
04-Apr-2018 06:11:09.350 INFO [localhost-startStop-1] org.apache.catalina.startup.HostConfig.deployDirectory Deploying web application directory /usr/local/apache-tomcat-8.0.50/webapps/host-manager
04-Apr-2018 06:11:09.386 INFO [localhost-startStop-1] org.apache.catalina.startup.HostConfig.deployDirectory Deployment of web application directory /usr/local/apache-tomcat-8.0.50/webapps/host-manager has finished in 36 ms
04-Apr-2018 06:11:09.387 INFO [localhost-startStop-1] org.apache.catalina.startup.HostConfig.deployDirectory Deploying web application directory /usr/local/apache-tomcat-8.0.50/webapps/ROOT
04-Apr-2018 06:11:09.405 INFO [localhost-startStop-1] org.apache.catalina.startup.HostConfig.deployDirectory Deployment of web application directory /usr/local/apache-tomcat-8.0.50/webapps/ROOT has finished in 19 ms
04-Apr-2018 06:11:09.405 INFO [localhost-startStop-1] org.apache.catalina.startup.HostConfig.deployDirectory Deploying web application directory /usr/local/apache-tomcat-8.0.50/webapps/manager
04-Apr-2018 06:11:09.428 INFO [localhost-startStop-1] org.apache.catalina.startup.HostConfig.deployDirectory Deployment of web application directory /usr/local/apache-tomcat-8.0.50/webapps/manager has finished in 22 ms
04-Apr-2018 06:11:09.431 INFO [main] org.apache.coyote.AbstractProtocol.start Starting ProtocolHandler ["http-nio-8080"]
04-Apr-2018 06:11:09.456 INFO [main] org.apache.coyote.AbstractProtocol.start Starting ProtocolHandler ["ajp-nio-8009"]
04-Apr-2018 06:11:09.458 INFO [main] org.apache.catalina.startup.Catalina.start Server startup in 1880 ms
04-Apr-2018 06:14:18.315 INFO [Thread-5] org.apache.coyote.AbstractProtocol.pause Pausing ProtocolHandler ["http-nio-8080"]
04-Apr-2018 06:14:18.379 INFO [Thread-5] org.apache.coyote.AbstractProtocol.pause Pausing ProtocolHandler ["ajp-nio-8009"]
04-Apr-2018 06:14:18.431 INFO [Thread-5] org.apache.catalina.core.StandardService.stopInternal Stopping service Catalina
04-Apr-2018 06:14:18.581 INFO [Thread-5] org.apache.coyote.AbstractProtocol.stop Stopping ProtocolHandler ["http-nio-8080"]
04-Apr-2018 06:14:18.584 INFO [Thread-5] org.apache.coyote.AbstractProtocol.stop Stopping ProtocolHandler ["ajp-nio-8009"]
04-Apr-2018 06:14:18.587 INFO [Thread-5] org.apache.coyote.AbstractProtocol.destroy Destroying ProtocolHandler ["http-nio-8080"]
04-Apr-2018 06:14:18.589 INFO [Thread-5] org.apache.coyote.AbstractProtocol.destroy Destroying ProtocolHandler ["ajp-nio-8009"]
04-Apr-2018 06:15:19.604 INFO [main] org.apache.catalina.startup.VersionLoggerListener.log Server version:        Apache Tomcat/8.0.50
04-Apr-2018 06:15:19.606 INFO [main] org.apache.catalina.startup.VersionLoggerListener.log Server built:          Feb 7 2018 20:06:05 UTC
04-Apr-2018 06:15:19.606 INFO [main] org.apache.catalina.startup.VersionLoggerListener.log Server number:         8.0.50.0
04-Apr-2018 06:15:19.606 INFO [main] org.apache.catalina.startup.VersionLoggerListener.log OS Name:               Linux
04-Apr-2018 06:15:19.606 INFO [main] org.apache.catalina.startup.VersionLoggerListener.log OS Version:            4.13.0-38-generic
04-Apr-2018 06:15:19.606 INFO [main] org.apache.catalina.startup.VersionLoggerListener.log Architecture:          amd64
04-Apr-2018 06:15:19.606 INFO [main] org.apache.catalina.startup.VersionLoggerListener.log Java Home:             /usr/lib/jvm/java-8-openjdk-amd64/jre
04-Apr-2018 06:15:19.606 INFO [main] org.apache.catalina.startup.VersionLoggerListener.log JVM Version:           1.8.0_111-8u111-b14-2~bpo8+1-b14
04-Apr-2018 06:15:19.606 INFO [main] org.apache.catalina.startup.VersionLoggerListener.log JVM Vendor:            Oracle Corporation
04-Apr-2018 06:15:19.606 INFO [main] org.apache.catalina.startup.VersionLoggerListener.log CATALINA_BASE:         /usr/local/apache-tomcat-8.0.50
04-Apr-2018 06:15:19.607 INFO [main] org.apache.catalina.startup.VersionLoggerListener.log CATALINA_HOME:         /usr/local/apache-tomcat-8.0.50
04-Apr-2018 06:15:19.607 INFO [main] org.apache.catalina.startup.VersionLoggerListener.log Command line argument: -Djava.util.logging.config.file=/usr/local/tomcat/conf/logging.properties
04-Apr-2018 06:15:19.607 INFO [main] org.apache.catalina.startup.VersionLoggerListener.log Command line argument: -Djava.util.logging.manager=org.apache.juli.ClassLoaderLogManager
04-Apr-2018 06:15:19.607 INFO [main] org.apache.catalina.startup.VersionLoggerListener.log Command line argument: -Djdk.tls.ephemeralDHKeySize=2048
04-Apr-2018 06:15:19.607 INFO [main] org.apache.catalina.startup.VersionLoggerListener.log Command line argument: -Djava.protocol.handler.pkgs=org.apache.catalina.webresources
04-Apr-2018 06:15:19.607 INFO [main] org.apache.catalina.startup.VersionLoggerListener.log Command line argument: -Dignore.endorsed.dirs=
04-Apr-2018 06:15:19.607 INFO [main] org.apache.catalina.startup.VersionLoggerListener.log Command line argument: -Dcatalina.base=/usr/local/tomcat
04-Apr-2018 06:15:19.607 INFO [main] org.apache.catalina.startup.VersionLoggerListener.log Command line argument: -Dcatalina.home=/usr/local/tomcat
04-Apr-2018 06:15:19.607 INFO [main] org.apache.catalina.startup.VersionLoggerListener.log Command line argument: -Djava.io.tmpdir=/usr/local/tomcat/temp
04-Apr-2018 06:15:19.608 INFO [main] org.apache.catalina.core.AprLifecycleListener.lifecycleEvent The APR based Apache Tomcat Native library which allows optimal performance in production environments was not found on the java.library.path: /usr/java/packages/lib/amd64:/usr/lib/x86_64-linux-gnu/jni:/lib/x86_64-linux-gnu:/usr/lib/x86_64-linux-gnu:/usr/lib/jni:/lib:/usr/lib
04-Apr-2018 06:15:19.686 INFO [main] org.apache.coyote.AbstractProtocol.init Initializing ProtocolHandler ["http-nio-8080"]
04-Apr-2018 06:15:19.698 INFO [main] org.apache.tomcat.util.net.NioSelectorPool.getSharedSelector Using a shared selector for servlet write/read
04-Apr-2018 06:15:19.700 INFO [main] org.apache.coyote.AbstractProtocol.init Initializing ProtocolHandler ["ajp-nio-8009"]
04-Apr-2018 06:15:19.701 INFO [main] org.apache.tomcat.util.net.NioSelectorPool.getSharedSelector Using a shared selector for servlet write/read
04-Apr-2018 06:15:19.702 INFO [main] org.apache.catalina.startup.Catalina.load Initialization processed in 405 ms
04-Apr-2018 06:15:19.720 INFO [main] org.apache.catalina.core.StandardService.startInternal Starting service Catalina
04-Apr-2018 06:15:19.720 INFO [main] org.apache.catalina.core.StandardEngine.startInternal Starting Servlet Engine: Apache Tomcat/8.0.50
04-Apr-2018 06:15:19.754 INFO [localhost-startStop-1] org.apache.catalina.startup.HostConfig.deployDirectory Deploying web application directory /usr/local/apache-tomcat-8.0.50/webapps/docs
04-Apr-2018 06:15:20.020 INFO [localhost-startStop-1] org.apache.catalina.startup.HostConfig.deployDirectory Deployment of web application directory /usr/local/apache-tomcat-8.0.50/webapps/docs has finished in 266 ms
04-Apr-2018 06:15:20.021 INFO [localhost-startStop-1] org.apache.catalina.startup.HostConfig.deployDirectory Deploying web application directory /usr/local/apache-tomcat-8.0.50/webapps/host-manager
04-Apr-2018 06:15:20.046 INFO [localhost-startStop-1] org.apache.catalina.startup.HostConfig.deployDirectory Deployment of web application directory /usr/local/apache-tomcat-8.0.50/webapps/host-manager has finished in 25 ms
04-Apr-2018 06:15:20.046 INFO [localhost-startStop-1] org.apache.catalina.startup.HostConfig.deployDirectory Deploying web application directory /usr/local/apache-tomcat-8.0.50/webapps/ROOT
04-Apr-2018 06:15:20.059 INFO [localhost-startStop-1] org.apache.catalina.startup.HostConfig.deployDirectory Deployment of web application directory /usr/local/apache-tomcat-8.0.50/webapps/ROOT has finished in 13 ms
04-Apr-2018 06:15:20.059 INFO [localhost-startStop-1] org.apache.catalina.startup.HostConfig.deployDirectory Deploying web application directory /usr/local/apache-tomcat-8.0.50/webapps/manager
04-Apr-2018 06:15:20.077 INFO [localhost-startStop-1] org.apache.catalina.startup.HostConfig.deployDirectory Deployment of web application directory /usr/local/apache-tomcat-8.0.50/webapps/manager has finished in 18 ms
04-Apr-2018 06:15:20.080 INFO [main] org.apache.coyote.AbstractProtocol.start Starting ProtocolHandler ["http-nio-8080"]
04-Apr-2018 06:15:20.102 INFO [main] org.apache.coyote.AbstractProtocol.start Starting ProtocolHandler ["ajp-nio-8009"]
04-Apr-2018 06:15:20.112 INFO [main] org.apache.catalina.startup.Catalina.start Server startup in 410 ms
04-Apr-2018 06:15:41.136 INFO [Thread-5] org.apache.coyote.AbstractProtocol.pause Pausing ProtocolHandler ["http-nio-8080"]
04-Apr-2018 06:15:41.189 INFO [Thread-5] org.apache.coyote.AbstractProtocol.pause Pausing ProtocolHandler ["ajp-nio-8009"]
04-Apr-2018 06:15:41.241 INFO [Thread-5] org.apache.catalina.core.StandardService.stopInternal Stopping service Catalina
04-Apr-2018 06:15:41.284 INFO [Thread-5] org.apache.coyote.AbstractProtocol.stop Stopping ProtocolHandler ["http-nio-8080"]
04-Apr-2018 06:15:41.286 INFO [Thread-5] org.apache.coyote.AbstractProtocol.stop Stopping ProtocolHandler ["ajp-nio-8009"]
04-Apr-2018 06:15:41.287 INFO [Thread-5] org.apache.coyote.AbstractProtocol.destroy Destroying ProtocolHandler ["http-nio-8080"]
04-Apr-2018 06:15:41.288 INFO [Thread-5] org.apache.coyote.AbstractProtocol.destroy Destroying ProtocolHandler ["ajp-nio-8009"]
04-Apr-2018 06:16:58.750 INFO [main] org.apache.catalina.startup.VersionLoggerListener.log Server version:        Apache Tomcat/8.0.50
04-Apr-2018 06:16:58.751 INFO [main] org.apache.catalina.startup.VersionLoggerListener.log Server built:          Feb 7 2018 20:06:05 UTC
04-Apr-2018 06:16:58.752 INFO [main] org.apache.catalina.startup.VersionLoggerListener.log Server number:         8.0.50.0
04-Apr-2018 06:16:58.752 INFO [main] org.apache.catalina.startup.VersionLoggerListener.log OS Name:               Linux
04-Apr-2018 06:16:58.752 INFO [main] org.apache.catalina.startup.VersionLoggerListener.log OS Version:            4.13.0-38-generic
04-Apr-2018 06:16:58.752 INFO [main] org.apache.catalina.startup.VersionLoggerListener.log Architecture:          amd64
04-Apr-2018 06:16:58.752 INFO [main] org.apache.catalina.startup.VersionLoggerListener.log Java Home:             /usr/lib/jvm/java-8-openjdk-amd64/jre
04-Apr-2018 06:16:58.752 INFO [main] org.apache.catalina.startup.VersionLoggerListener.log JVM Version:           1.8.0_111-8u111-b14-2~bpo8+1-b14
04-Apr-2018 06:16:58.752 INFO [main] org.apache.catalina.startup.VersionLoggerListener.log JVM Vendor:            Oracle Corporation
04-Apr-2018 06:16:58.752 INFO [main] org.apache.catalina.startup.VersionLoggerListener.log CATALINA_BASE:         /usr/local/apache-tomcat-8.0.50
04-Apr-2018 06:16:58.752 INFO [main] org.apache.catalina.startup.VersionLoggerListener.log CATALINA_HOME:         /usr/local/apache-tomcat-8.0.50
04-Apr-2018 06:16:58.753 INFO [main] org.apache.catalina.startup.VersionLoggerListener.log Command line argument: -Djava.util.logging.config.file=/usr/local/tomcat/conf/logging.properties
04-Apr-2018 06:16:58.753 INFO [main] org.apache.catalina.startup.VersionLoggerListener.log Command line argument: -Djava.util.logging.manager=org.apache.juli.ClassLoaderLogManager
04-Apr-2018 06:16:58.753 INFO [main] org.apache.catalina.startup.VersionLoggerListener.log Command line argument: -Djdk.tls.ephemeralDHKeySize=2048
04-Apr-2018 06:16:58.753 INFO [main] org.apache.catalina.startup.VersionLoggerListener.log Command line argument: -Djava.protocol.handler.pkgs=org.apache.catalina.webresources
04-Apr-2018 06:16:58.753 INFO [main] org.apache.catalina.startup.VersionLoggerListener.log Command line argument: -Dignore.endorsed.dirs=
04-Apr-2018 06:16:58.753 INFO [main] org.apache.catalina.startup.VersionLoggerListener.log Command line argument: -Dcatalina.base=/usr/local/tomcat
04-Apr-2018 06:16:58.753 INFO [main] org.apache.catalina.startup.VersionLoggerListener.log Command line argument: -Dcatalina.home=/usr/local/tomcat
04-Apr-2018 06:16:58.753 INFO [main] org.apache.catalina.startup.VersionLoggerListener.log Command line argument: -Djava.io.tmpdir=/usr/local/tomcat/temp
04-Apr-2018 06:16:58.753 INFO [main] org.apache.catalina.core.AprLifecycleListener.lifecycleEvent The APR based Apache Tomcat Native library which allows optimal performance in production environments was not found on the java.library.path: /usr/java/packages/lib/amd64:/usr/lib/x86_64-linux-gnu/jni:/lib/x86_64-linux-gnu:/usr/lib/x86_64-linux-gnu:/usr/lib/jni:/lib:/usr/lib
04-Apr-2018 06:16:58.828 INFO [main] org.apache.coyote.AbstractProtocol.init Initializing ProtocolHandler ["http-nio-8080"]
04-Apr-2018 06:16:58.839 INFO [main] org.apache.tomcat.util.net.NioSelectorPool.getSharedSelector Using a shared selector for servlet write/read
04-Apr-2018 06:16:58.841 INFO [main] org.apache.coyote.AbstractProtocol.init Initializing ProtocolHandler ["ajp-nio-8009"]
04-Apr-2018 06:16:58.843 INFO [main] org.apache.tomcat.util.net.NioSelectorPool.getSharedSelector Using a shared selector for servlet write/read
04-Apr-2018 06:16:58.843 INFO [main] org.apache.catalina.startup.Catalina.load Initialization processed in 372 ms
04-Apr-2018 06:16:58.860 INFO [main] org.apache.catalina.core.StandardService.startInternal Starting service Catalina
04-Apr-2018 06:16:58.860 INFO [main] org.apache.catalina.core.StandardEngine.startInternal Starting Servlet Engine: Apache Tomcat/8.0.50
04-Apr-2018 06:16:58.891 INFO [localhost-startStop-1] org.apache.catalina.startup.HostConfig.deployDirectory Deploying web application directory /usr/local/apache-tomcat-8.0.50/webapps/docs
04-Apr-2018 06:16:59.195 INFO [localhost-startStop-1] org.apache.catalina.startup.HostConfig.deployDirectory Deployment of web application directory /usr/local/apache-tomcat-8.0.50/webapps/docs has finished in 304 ms
04-Apr-2018 06:16:59.196 INFO [localhost-startStop-1] org.apache.catalina.startup.HostConfig.deployDirectory Deploying web application directory /usr/local/apache-tomcat-8.0.50/webapps/host-manager
04-Apr-2018 06:16:59.230 INFO [localhost-startStop-1] org.apache.catalina.startup.HostConfig.deployDirectory Deployment of web application directory /usr/local/apache-tomcat-8.0.50/webapps/host-manager has finished in 34 ms
04-Apr-2018 06:16:59.231 INFO [localhost-startStop-1] org.apache.catalina.startup.HostConfig.deployDirectory Deploying web application directory /usr/local/apache-tomcat-8.0.50/webapps/ROOT
04-Apr-2018 06:16:59.249 INFO [localhost-startStop-1] org.apache.catalina.startup.HostConfig.deployDirectory Deployment of web application directory /usr/local/apache-tomcat-8.0.50/webapps/ROOT has finished in 18 ms
04-Apr-2018 06:16:59.249 INFO [localhost-startStop-1] org.apache.catalina.startup.HostConfig.deployDirectory Deploying web application directory /usr/local/apache-tomcat-8.0.50/webapps/manager
04-Apr-2018 06:16:59.274 INFO [localhost-startStop-1] org.apache.catalina.startup.HostConfig.deployDirectory Deployment of web application directory /usr/local/apache-tomcat-8.0.50/webapps/manager has finished in 25 ms
04-Apr-2018 06:16:59.278 INFO [main] org.apache.coyote.AbstractProtocol.start Starting ProtocolHandler ["http-nio-8080"]
04-Apr-2018 06:16:59.309 INFO [main] org.apache.coyote.AbstractProtocol.start Starting ProtocolHandler ["ajp-nio-8009"]
04-Apr-2018 06:16:59.313 INFO [main] org.apache.catalina.startup.Catalina.start Server startup in 470 ms
04-Apr-2018 06:19:31.587 INFO [Thread-5] org.apache.coyote.AbstractProtocol.pause Pausing ProtocolHandler ["http-nio-8080"]
04-Apr-2018 06:19:31.641 INFO [Thread-5] org.apache.coyote.AbstractProtocol.pause Pausing ProtocolHandler ["ajp-nio-8009"]
04-Apr-2018 06:19:31.692 INFO [Thread-5] org.apache.catalina.core.StandardService.stopInternal Stopping service Catalina
04-Apr-2018 06:19:31.734 INFO [Thread-5] org.apache.coyote.AbstractProtocol.stop Stopping ProtocolHandler ["http-nio-8080"]
04-Apr-2018 06:19:31.737 INFO [Thread-5] org.apache.coyote.AbstractProtocol.stop Stopping ProtocolHandler ["ajp-nio-8009"]
04-Apr-2018 06:19:31.739 INFO [Thread-5] org.apache.coyote.AbstractProtocol.destroy Destroying ProtocolHandler ["http-nio-8080"]
04-Apr-2018 06:19:31.740 INFO [Thread-5] org.apache.coyote.AbstractProtocol.destroy Destroying ProtocolHandler ["ajp-nio-8009"]
04-Apr-2018 06:19:54.290 INFO [main] org.apache.catalina.startup.VersionLoggerListener.log Server version:        Apache Tomcat/8.0.50
04-Apr-2018 06:19:54.292 INFO [main] org.apache.catalina.startup.VersionLoggerListener.log Server built:          Feb 7 2018 20:06:05 UTC
04-Apr-2018 06:19:54.292 INFO [main] org.apache.catalina.startup.VersionLoggerListener.log Server number:         8.0.50.0
04-Apr-2018 06:19:54.292 INFO [main] org.apache.catalina.startup.VersionLoggerListener.log OS Name:               Linux
04-Apr-2018 06:19:54.292 INFO [main] org.apache.catalina.startup.VersionLoggerListener.log OS Version:            4.13.0-38-generic
04-Apr-2018 06:19:54.292 INFO [main] org.apache.catalina.startup.VersionLoggerListener.log Architecture:          amd64
04-Apr-2018 06:19:54.293 INFO [main] org.apache.catalina.startup.VersionLoggerListener.log Java Home:             /usr/lib/jvm/java-8-openjdk-amd64/jre
04-Apr-2018 06:19:54.293 INFO [main] org.apache.catalina.startup.VersionLoggerListener.log JVM Version:           1.8.0_111-8u111-b14-2~bpo8+1-b14
04-Apr-2018 06:19:54.293 INFO [main] org.apache.catalina.startup.VersionLoggerListener.log JVM Vendor:            Oracle Corporation
04-Apr-2018 06:19:54.293 INFO [main] org.apache.catalina.startup.VersionLoggerListener.log CATALINA_BASE:         /usr/local/apache-tomcat-8.0.50
04-Apr-2018 06:19:54.293 INFO [main] org.apache.catalina.startup.VersionLoggerListener.log CATALINA_HOME:         /usr/local/apache-tomcat-8.0.50
04-Apr-2018 06:19:54.293 INFO [main] org.apache.catalina.startup.VersionLoggerListener.log Command line argument: -Djava.util.logging.config.file=/usr/local/tomcat/conf/logging.properties
04-Apr-2018 06:19:54.294 INFO [main] org.apache.catalina.startup.VersionLoggerListener.log Command line argument: -Djava.util.logging.manager=org.apache.juli.ClassLoaderLogManager
04-Apr-2018 06:19:54.294 INFO [main] org.apache.catalina.startup.VersionLoggerListener.log Command line argument: -Djdk.tls.ephemeralDHKeySize=2048
04-Apr-2018 06:19:54.294 INFO [main] org.apache.catalina.startup.VersionLoggerListener.log Command line argument: -Djava.protocol.handler.pkgs=org.apache.catalina.webresources
04-Apr-2018 06:19:54.294 INFO [main] org.apache.catalina.startup.VersionLoggerListener.log Command line argument: -Dignore.endorsed.dirs=
04-Apr-2018 06:19:54.294 INFO [main] org.apache.catalina.startup.VersionLoggerListener.log Command line argument: -Dcatalina.base=/usr/local/tomcat
04-Apr-2018 06:19:54.294 INFO [main] org.apache.catalina.startup.VersionLoggerListener.log Command line argument: -Dcatalina.home=/usr/local/tomcat
04-Apr-2018 06:19:54.294 INFO [main] org.apache.catalina.startup.VersionLoggerListener.log Command line argument: -Djava.io.tmpdir=/usr/local/tomcat/temp
04-Apr-2018 06:19:54.295 INFO [main] org.apache.catalina.core.AprLifecycleListener.lifecycleEvent The APR based Apache Tomcat Native library which allows optimal performance in production environments was not found on the java.library.path: /usr/java/packages/lib/amd64:/usr/lib/x86_64-linux-gnu/jni:/lib/x86_64-linux-gnu:/usr/lib/x86_64-linux-gnu:/usr/lib/jni:/lib:/usr/lib
04-Apr-2018 06:19:54.365 INFO [main] org.apache.coyote.AbstractProtocol.init Initializing ProtocolHandler ["http-nio-8080"]
04-Apr-2018 06:19:54.375 INFO [main] org.apache.tomcat.util.net.NioSelectorPool.getSharedSelector Using a shared selector for servlet write/read
04-Apr-2018 06:19:54.377 INFO [main] org.apache.coyote.AbstractProtocol.init Initializing ProtocolHandler ["ajp-nio-8009"]
04-Apr-2018 06:19:54.378 INFO [main] org.apache.tomcat.util.net.NioSelectorPool.getSharedSelector Using a shared selector for servlet write/read
04-Apr-2018 06:19:54.379 INFO [main] org.apache.catalina.startup.Catalina.load Initialization processed in 376 ms
04-Apr-2018 06:19:54.395 INFO [main] org.apache.catalina.core.StandardService.startInternal Starting service Catalina
04-Apr-2018 06:19:54.395 INFO [main] org.apache.catalina.core.StandardEngine.startInternal Starting Servlet Engine: Apache Tomcat/8.0.50
04-Apr-2018 06:19:54.426 INFO [localhost-startStop-1] org.apache.catalina.startup.HostConfig.deployDirectory Deploying web application directory /usr/local/apache-tomcat-8.0.50/webapps/docs
04-Apr-2018 06:19:54.706 INFO [localhost-startStop-1] org.apache.catalina.startup.HostConfig.deployDirectory Deployment of web application directory /usr/local/apache-tomcat-8.0.50/webapps/docs has finished in 280 ms
04-Apr-2018 06:19:54.706 INFO [localhost-startStop-1] org.apache.catalina.startup.HostConfig.deployDirectory Deploying web application directory /usr/local/apache-tomcat-8.0.50/webapps/host-manager
04-Apr-2018 06:19:54.747 INFO [localhost-startStop-1] org.apache.catalina.startup.HostConfig.deployDirectory Deployment of web application directory /usr/local/apache-tomcat-8.0.50/webapps/host-manager has finished in 40 ms
04-Apr-2018 06:19:54.747 INFO [localhost-startStop-1] org.apache.catalina.startup.HostConfig.deployDirectory Deploying web application directory /usr/local/apache-tomcat-8.0.50/webapps/ROOT
04-Apr-2018 06:19:54.766 INFO [localhost-startStop-1] org.apache.catalina.startup.HostConfig.deployDirectory Deployment of web application directory /usr/local/apache-tomcat-8.0.50/webapps/ROOT has finished in 19 ms
04-Apr-2018 06:19:54.766 INFO [localhost-startStop-1] org.apache.catalina.startup.HostConfig.deployDirectory Deploying web application directory /usr/local/apache-tomcat-8.0.50/webapps/manager
04-Apr-2018 06:19:54.792 INFO [localhost-startStop-1] org.apache.catalina.startup.HostConfig.deployDirectory Deployment of web application directory /usr/local/apache-tomcat-8.0.50/webapps/manager has finished in 26 ms
04-Apr-2018 06:19:54.795 INFO [main] org.apache.coyote.AbstractProtocol.start Starting ProtocolHandler ["http-nio-8080"]
04-Apr-2018 06:19:54.823 INFO [main] org.apache.coyote.AbstractProtocol.start Starting ProtocolHandler ["ajp-nio-8009"]
04-Apr-2018 06:19:54.830 INFO [main] org.apache.catalina.startup.Catalina.start Server startup in 451 ms
04-Apr-2018 06:28:39.810 INFO [Thread-5] org.apache.coyote.AbstractProtocol.pause Pausing ProtocolHandler ["http-nio-8080"]
04-Apr-2018 06:28:39.863 INFO [Thread-5] org.apache.coyote.AbstractProtocol.pause Pausing ProtocolHandler ["ajp-nio-8009"]
04-Apr-2018 06:28:39.914 INFO [Thread-5] org.apache.catalina.core.StandardService.stopInternal Stopping service Catalina
04-Apr-2018 06:28:39.952 INFO [Thread-5] org.apache.coyote.AbstractProtocol.stop Stopping ProtocolHandler ["http-nio-8080"]
04-Apr-2018 06:28:39.954 INFO [Thread-5] org.apache.coyote.AbstractProtocol.stop Stopping ProtocolHandler ["ajp-nio-8009"]
04-Apr-2018 06:28:39.956 INFO [Thread-5] org.apache.coyote.AbstractProtocol.destroy Destroying ProtocolHandler ["http-nio-8080"]
04-Apr-2018 06:28:39.956 INFO [Thread-5] org.apache.coyote.AbstractProtocol.destroy Destroying ProtocolHandler ["ajp-nio-8009"]
